<?xml version="1.0" encoding="UTF-8"?>
<!-- Generated by org.testng.reporters.JUnitReportReporter -->
<testsuite hostname="ANAM-DESKTOP" failures="0" tests="3" name="Pro.Training.Tech.Students.ContactUsForm" time="63.552" errors="0" timestamp="2024-09-21T08:37:54 PDT" skipped="0">
  <testcase classname="Pro.Training.Tech.Students.ContactUsForm" name="f" time="21.074"/>
  <testcase classname="Pro.Training.Tech.Students.ContactUsForm" name="f" time="21.070"/>
  <testcase classname="Pro.Training.Tech.Students.ContactUsForm" name="f" time="21.408"/>
</testsuite> <!-- Pro.Training.Tech.Students.ContactUsForm -->
