<?xml version="1.0" encoding="UTF-8"?>
<!-- Generated by org.testng.reporters.JUnitReportReporter -->
<testsuite hostname="ANAM-DESKTOP" failures="0" tests="3" name="Pro.Training.Tech.Students.FindElements" time="42.603" errors="0" timestamp="2024-09-22T06:55:27 PDT" skipped="0">
  <testcase classname="Pro.Training.Tech.Students.FindElements" name="f" time="18.122"/>
  <testcase classname="Pro.Training.Tech.Students.FindElements" name="f" time="11.791"/>
  <testcase classname="Pro.Training.Tech.Students.FindElements" name="f" time="12.690"/>
</testsuite> <!-- Pro.Training.Tech.Students.FindElements -->
